This file contains any messages produced by compilers while
running configure, to aid debugging if configure makes a mistake.

It was created by zsync configure 0.6.2, which was
generated by GNU Autoconf 2.65.  Invocation command line was

  $ ./configure --host=arm-linux-gnueabi CFLAGS=-static

## --------- ##
## Platform. ##
## --------- ##

hostname = evisceration
uname -m = x86_64
uname -r = 3.13.0-30-generic
uname -s = Linux
uname -v = #55-Ubuntu SMP Fri Jul 4 21:40:53 UTC 2014

/usr/bin/uname -p = unknown
/bin/uname -X     = unknown

/bin/arch              = unknown
/usr/bin/arch -k       = unknown
/usr/convex/getsysinfo = unknown
/usr/bin/hostinfo      = unknown
/bin/machine           = unknown
/usr/bin/oslevel       = unknown
/bin/universe          = unknown

PATH: /usr/local/sbin
PATH: /usr/local/bin
PATH: /usr/sbin
PATH: /usr/bin
PATH: /sbin
PATH: /bin
PATH: /usr/games
PATH: /usr/local/games
PATH: /home/alex/bin
PATH: /opt/bin
PATH: /opt/android-studio/sdk/tools
PATH: /opt/android-studio/sdk/platform-tools
PATH: /home/alex/bin
PATH: /opt/bin
PATH: /opt/android-studio/sdk/tools
PATH: /opt/android-studio/sdk/platform-tools


## ----------- ##
## Core tests. ##
## ----------- ##

configure:2404: checking build system type
configure:2418: result: x86_64-unknown-linux-gnu
configure:2438: checking host system type
configure:2451: result: arm-unknown-linux-gnueabi
configure:2488: checking for a BSD-compatible install
configure:2556: result: /usr/bin/install -c
configure:2567: checking whether build environment is sane
configure:2617: result: yes
configure:2666: checking for arm-linux-gnueabi-strip
configure:2682: found /usr/bin/arm-linux-gnueabi-strip
configure:2693: result: arm-linux-gnueabi-strip
configure:2758: checking for a thread-safe mkdir -p
configure:2797: result: /bin/mkdir -p
configure:2810: checking for gawk
configure:2840: result: no
configure:2810: checking for mawk
configure:2826: found /usr/bin/mawk
configure:2837: result: mawk
configure:2848: checking whether make sets $(MAKE)
configure:2870: result: yes
configure:2951: checking whether to enable maintainer-specific portions of Makefiles
configure:2960: result: no
configure:2982: checking for arm-linux-gnueabi-gcc
configure:2998: found /usr/bin/arm-linux-gnueabi-gcc
configure:3009: result: arm-linux-gnueabi-gcc
configure:3278: checking for C compiler version
configure:3287: arm-linux-gnueabi-gcc --version >&5
arm-linux-gnueabi-gcc (Ubuntu/Linaro 4.7.3-12ubuntu1) 4.7.3
Copyright (C) 2012 Free Software Foundation, Inc.
This is free software; see the source for copying conditions.  There is NO
warranty; not even for MERCHANTABILITY or FITNESS FOR A PARTICULAR PURPOSE.

configure:3298: $? = 0
configure:3287: arm-linux-gnueabi-gcc -v >&5
Using built-in specs.
COLLECT_GCC=arm-linux-gnueabi-gcc
COLLECT_LTO_WRAPPER=/usr/lib/gcc-cross/arm-linux-gnueabi/4.7/lto-wrapper
Target: arm-linux-gnueabi
Configured with: ../src/configure -v --with-pkgversion='Ubuntu/Linaro 4.7.3-12ubuntu1' --with-bugurl=file:///usr/share/doc/gcc-4.7/README.Bugs --enable-languages=c,c++,go,fortran,objc,obj-c++ --prefix=/usr --program-suffix=-4.7 --enable-shared --enable-linker-build-id --libexecdir=/usr/lib --without-included-gettext --enable-threads=posix --with-gxx-include-dir=/usr/arm-linux-gnueabi/include/c++/4.7.3 --libdir=/usr/lib --enable-nls --with-sysroot=/ --enable-clocale=gnu --enable-libstdcxx-debug --enable-gnu-unique-object --disable-libmudflap --disable-libitm --enable-plugin --with-system-zlib --enable-objc-gc --with-cloog --enable-cloog-backend=ppl --disable-cloog-version-check --disable-ppl-version-check --enable-multiarch --enable-multilib --disable-sjlj-exceptions --with-arch=armv5t --with-float=soft --disable-werror --enable-checking=release --build=x86_64-linux-gnu --host=x86_64-linux-gnu --target=arm-linux-gnueabi --program-prefix=arm-linux-gnueabi- --includedir=/usr/arm-linux-gnueabi/include
Thread model: posix
gcc version 4.7.3 (Ubuntu/Linaro 4.7.3-12ubuntu1) 
configure:3298: $? = 0
configure:3287: arm-linux-gnueabi-gcc -V >&5
arm-linux-gnueabi-gcc: error: unrecognized command line option '-V'
arm-linux-gnueabi-gcc: fatal error: no input files
compilation terminated.
configure:3298: $? = 4
configure:3287: arm-linux-gnueabi-gcc -qversion >&5
arm-linux-gnueabi-gcc: error: unrecognized command line option '-qversion'
arm-linux-gnueabi-gcc: fatal error: no input files
compilation terminated.
configure:3298: $? = 4
configure:3318: checking whether the C compiler works
configure:3340: arm-linux-gnueabi-gcc -static   conftest.c  >&5
configure:3344: $? = 0
configure:3393: result: yes
configure:3396: checking for C compiler default output file name
configure:3398: result: a.out
configure:3404: checking for suffix of executables
configure:3411: arm-linux-gnueabi-gcc -o conftest -static   conftest.c  >&5
configure:3415: $? = 0
configure:3437: result: 
configure:3459: checking whether we are cross compiling
configure:3467: arm-linux-gnueabi-gcc -o conftest -static   conftest.c  >&5
configure:3471: $? = 0
configure:3478: ./conftest
./configure: line 3480: ./conftest: cannot execute binary file: Exec format error
configure:3482: $? = 126
configure:3497: result: yes
configure:3502: checking for suffix of object files
configure:3524: arm-linux-gnueabi-gcc -c -static  conftest.c >&5
configure:3528: $? = 0
configure:3549: result: o
configure:3553: checking whether we are using the GNU C compiler
configure:3572: arm-linux-gnueabi-gcc -c -static  conftest.c >&5
configure:3572: $? = 0
configure:3581: result: yes
configure:3590: checking whether arm-linux-gnueabi-gcc accepts -g
configure:3610: arm-linux-gnueabi-gcc -c -g  conftest.c >&5
configure:3610: $? = 0
configure:3651: result: yes
configure:3668: checking for arm-linux-gnueabi-gcc option to accept ISO C89
configure:3732: arm-linux-gnueabi-gcc  -c -static  conftest.c >&5
configure:3732: $? = 0
configure:3745: result: none needed
configure:3776: checking for style of include used by make
configure:3804: result: GNU
configure:3829: checking dependency style of arm-linux-gnueabi-gcc
configure:3939: result: gcc3
configure:3954: checking whether ln -s works
configure:3958: result: yes
configure:3968: checking for arm-linux-gnueabi-ranlib
configure:3984: found /usr/bin/arm-linux-gnueabi-ranlib
configure:3995: result: arm-linux-gnueabi-ranlib
configure:4070: checking for an ANSI C-conforming const
configure:4135: arm-linux-gnueabi-gcc -c -static  conftest.c >&5
configure:4135: $? = 0
configure:4142: result: yes
configure:4155: checking how to run the C preprocessor
configure:4186: arm-linux-gnueabi-gcc -E  conftest.c
configure:4186: $? = 0
configure:4200: arm-linux-gnueabi-gcc -E  conftest.c
conftest.c:11:28: fatal error: ac_nonexistent.h: No such file or directory
compilation terminated.
configure:4200: $? = 1
configure: failed program was:
| /* confdefs.h */
| #define PACKAGE_NAME "zsync"
| #define PACKAGE_TARNAME "zsync"
| #define PACKAGE_VERSION "0.6.2"
| #define PACKAGE_STRING "zsync 0.6.2"
| #define PACKAGE_BUGREPORT "http://zsync.moria.org.uk/"
| #define PACKAGE_URL ""
| #define PACKAGE "zsync"
| #define VERSION "0.6.2"
| /* end confdefs.h.  */
| #include <ac_nonexistent.h>
configure:4225: result: arm-linux-gnueabi-gcc -E
configure:4245: arm-linux-gnueabi-gcc -E  conftest.c
configure:4245: $? = 0
configure:4259: arm-linux-gnueabi-gcc -E  conftest.c
conftest.c:11:28: fatal error: ac_nonexistent.h: No such file or directory
compilation terminated.
configure:4259: $? = 1
configure: failed program was:
| /* confdefs.h */
| #define PACKAGE_NAME "zsync"
| #define PACKAGE_TARNAME "zsync"
| #define PACKAGE_VERSION "0.6.2"
| #define PACKAGE_STRING "zsync 0.6.2"
| #define PACKAGE_BUGREPORT "http://zsync.moria.org.uk/"
| #define PACKAGE_URL ""
| #define PACKAGE "zsync"
| #define VERSION "0.6.2"
| /* end confdefs.h.  */
| #include <ac_nonexistent.h>
configure:4288: checking for grep that handles long lines and -e
configure:4346: result: /bin/grep
configure:4351: checking for egrep
configure:4413: result: /bin/grep -E
configure:4418: checking for ANSI C header files
configure:4438: arm-linux-gnueabi-gcc -c -static  conftest.c >&5
configure:4438: $? = 0
configure:4522: result: yes
configure:4537: checking for sys/types.h
configure:4537: arm-linux-gnueabi-gcc -c -static  conftest.c >&5
configure:4537: $? = 0
configure:4537: result: yes
configure:4537: checking for sys/stat.h
configure:4537: arm-linux-gnueabi-gcc -c -static  conftest.c >&5
configure:4537: $? = 0
configure:4537: result: yes
configure:4537: checking for stdlib.h
configure:4537: arm-linux-gnueabi-gcc -c -static  conftest.c >&5
configure:4537: $? = 0
configure:4537: result: yes
configure:4537: checking for string.h
configure:4537: arm-linux-gnueabi-gcc -c -static  conftest.c >&5
configure:4537: $? = 0
configure:4537: result: yes
configure:4537: checking for memory.h
configure:4537: arm-linux-gnueabi-gcc -c -static  conftest.c >&5
configure:4537: $? = 0
configure:4537: result: yes
configure:4537: checking for strings.h
configure:4537: arm-linux-gnueabi-gcc -c -static  conftest.c >&5
configure:4537: $? = 0
configure:4537: result: yes
configure:4537: checking for inttypes.h
configure:4537: arm-linux-gnueabi-gcc -c -static  conftest.c >&5
configure:4537: $? = 0
configure:4537: result: yes
configure:4537: checking for stdint.h
configure:4537: arm-linux-gnueabi-gcc -c -static  conftest.c >&5
configure:4537: $? = 0
configure:4537: result: yes
configure:4537: checking for unistd.h
configure:4537: arm-linux-gnueabi-gcc -c -static  conftest.c >&5
configure:4537: $? = 0
configure:4537: result: yes
configure:4552: checking for string.h
configure:4552: result: yes
configure:4562: checking for size_t
configure:4562: arm-linux-gnueabi-gcc -c -static  conftest.c >&5
configure:4562: $? = 0
configure:4562: arm-linux-gnueabi-gcc -c -static  conftest.c >&5
conftest.c: In function 'main':
conftest.c:58:21: error: expected expression before ')' token
configure:4562: $? = 1
configure: failed program was:
| /* confdefs.h */
| #define PACKAGE_NAME "zsync"
| #define PACKAGE_TARNAME "zsync"
| #define PACKAGE_VERSION "0.6.2"
| #define PACKAGE_STRING "zsync 0.6.2"
| #define PACKAGE_BUGREPORT "http://zsync.moria.org.uk/"
| #define PACKAGE_URL ""
| #define PACKAGE "zsync"
| #define VERSION "0.6.2"
| #define STDC_HEADERS 1
| #define HAVE_SYS_TYPES_H 1
| #define HAVE_SYS_STAT_H 1
| #define HAVE_STDLIB_H 1
| #define HAVE_STRING_H 1
| #define HAVE_MEMORY_H 1
| #define HAVE_STRINGS_H 1
| #define HAVE_INTTYPES_H 1
| #define HAVE_STDINT_H 1
| #define HAVE_UNISTD_H 1
| #define HAVE_STRING_H 1
| /* end confdefs.h.  */
| #include <stdio.h>
| #ifdef HAVE_SYS_TYPES_H
| # include <sys/types.h>
| #endif
| #ifdef HAVE_SYS_STAT_H
| # include <sys/stat.h>
| #endif
| #ifdef STDC_HEADERS
| # include <stdlib.h>
| # include <stddef.h>
| #else
| # ifdef HAVE_STDLIB_H
| #  include <stdlib.h>
| # endif
| #endif
| #ifdef HAVE_STRING_H
| # if !defined STDC_HEADERS && defined HAVE_MEMORY_H
| #  include <memory.h>
| # endif
| # include <string.h>
| #endif
| #ifdef HAVE_STRINGS_H
| # include <strings.h>
| #endif
| #ifdef HAVE_INTTYPES_H
| # include <inttypes.h>
| #endif
| #ifdef HAVE_STDINT_H
| # include <stdint.h>
| #endif
| #ifdef HAVE_UNISTD_H
| # include <unistd.h>
| #endif
| int
| main ()
| {
| if (sizeof ((size_t)))
| 	    return 0;
|   ;
|   return 0;
| }
configure:4562: result: yes
configure:4576: checking for memcpy
configure:4576: arm-linux-gnueabi-gcc -o conftest -static   conftest.c  >&5
conftest.c:45:6: warning: conflicting types for built-in function 'memcpy' [enabled by default]
configure:4576: $? = 0
configure:4576: result: yes
configure:4576: checking for pwrite
configure:4576: arm-linux-gnueabi-gcc -o conftest -static   conftest.c  >&5
configure:4576: $? = 0
configure:4576: result: yes
configure:4576: checking for pread
configure:4576: arm-linux-gnueabi-gcc -o conftest -static   conftest.c  >&5
configure:4576: $? = 0
configure:4576: result: yes
configure:4576: checking for mkstemp
configure:4576: arm-linux-gnueabi-gcc -o conftest -static   conftest.c  >&5
configure:4576: $? = 0
configure:4576: result: yes
configure:4587: checking for socklen_t
configure:4607: arm-linux-gnueabi-gcc -c -static  conftest.c >&5
configure:4607: $? = 0
configure:4614: result: yes
configure:4621: checking for in_port_t
configure:4642: arm-linux-gnueabi-gcc -c -static  conftest.c >&5
configure:4642: $? = 0
configure:4649: result: yes
configure:4762: checking for h_errno declaration in netdb.h
configure:4781: arm-linux-gnueabi-gcc -c -static  conftest.c >&5
configure:4781: $? = 0
configure:4788: result: yes
configure:4796: checking for socket in -lsocket
configure:4821: arm-linux-gnueabi-gcc -o conftest -static   conftest.c -lsocket   >&5
/usr/lib/gcc-cross/arm-linux-gnueabi/4.7/../../../../arm-linux-gnueabi/bin/ld: cannot find -lsocket
collect2: error: ld returned 1 exit status
configure:4821: $? = 1
configure: failed program was:
| /* confdefs.h */
| #define PACKAGE_NAME "zsync"
| #define PACKAGE_TARNAME "zsync"
| #define PACKAGE_VERSION "0.6.2"
| #define PACKAGE_STRING "zsync 0.6.2"
| #define PACKAGE_BUGREPORT "http://zsync.moria.org.uk/"
| #define PACKAGE_URL ""
| #define PACKAGE "zsync"
| #define VERSION "0.6.2"
| #define STDC_HEADERS 1
| #define HAVE_SYS_TYPES_H 1
| #define HAVE_SYS_STAT_H 1
| #define HAVE_STDLIB_H 1
| #define HAVE_STRING_H 1
| #define HAVE_MEMORY_H 1
| #define HAVE_STRINGS_H 1
| #define HAVE_INTTYPES_H 1
| #define HAVE_STDINT_H 1
| #define HAVE_UNISTD_H 1
| #define HAVE_STRING_H 1
| #define HAVE_MEMCPY 1
| #define HAVE_PWRITE 1
| #define HAVE_PREAD 1
| #define HAVE_MKSTEMP 1
| #define H_ERRNO_DECLARED 1
| /* end confdefs.h.  */
| 
| /* Override any GCC internal prototype to avoid an error.
|    Use char because int might match the return type of a GCC
|    builtin and then its argument prototype would still apply.  */
| #ifdef __cplusplus
| extern "C"
| #endif
| char socket ();
| int
| main ()
| {
| return socket ();
|   ;
|   return 0;
| }
configure:4830: result: no
configure:4844: checking for getaddrinfo
configure:4844: arm-linux-gnueabi-gcc -o conftest -static   conftest.c  >&5
/tmp/ccEp3u65.o: In function `main':
conftest.c:(.text+0x8): warning: Using 'getaddrinfo' in statically linked applications requires at runtime the shared libraries from the glibc version used for linking
configure:4844: $? = 0
configure:4844: result: yes
configure:4869: checking for special C compiler options needed for large files
configure:4914: result: no
configure:4920: checking for _FILE_OFFSET_BITS value needed for large files
configure:4945: arm-linux-gnueabi-gcc -c -static  conftest.c >&5
conftest.c:34:3: warning: left shift count >= width of type [enabled by default]
conftest.c:34:3: warning: left shift count >= width of type [enabled by default]
conftest.c:35:10: warning: left shift count >= width of type [enabled by default]
conftest.c:35:10: warning: left shift count >= width of type [enabled by default]
conftest.c:34:7: error: variably modified 'off_t_is_large' at file scope
configure:4945: $? = 1
configure: failed program was:
| /* confdefs.h */
| #define PACKAGE_NAME "zsync"
| #define PACKAGE_TARNAME "zsync"
| #define PACKAGE_VERSION "0.6.2"
| #define PACKAGE_STRING "zsync 0.6.2"
| #define PACKAGE_BUGREPORT "http://zsync.moria.org.uk/"
| #define PACKAGE_URL ""
| #define PACKAGE "zsync"
| #define VERSION "0.6.2"
| #define STDC_HEADERS 1
| #define HAVE_SYS_TYPES_H 1
| #define HAVE_SYS_STAT_H 1
| #define HAVE_STDLIB_H 1
| #define HAVE_STRING_H 1
| #define HAVE_MEMORY_H 1
| #define HAVE_STRINGS_H 1
| #define HAVE_INTTYPES_H 1
| #define HAVE_STDINT_H 1
| #define HAVE_UNISTD_H 1
| #define HAVE_STRING_H 1
| #define HAVE_MEMCPY 1
| #define HAVE_PWRITE 1
| #define HAVE_PREAD 1
| #define HAVE_MKSTEMP 1
| #define H_ERRNO_DECLARED 1
| #define HAVE_GETADDRINFO 1
| /* end confdefs.h.  */
| #include <sys/types.h>
|  /* Check that off_t can represent 2**63 - 1 correctly.
|     We can't simply define LARGE_OFF_T to be 9223372036854775807,
|     since some C++ compilers masquerading as C compilers
|     incorrectly reject 9223372036854775807.  */
| #define LARGE_OFF_T (((off_t) 1 << 62) - 1 + ((off_t) 1 << 62))
|   int off_t_is_large[(LARGE_OFF_T % 2147483629 == 721
| 		       && LARGE_OFF_T % 2147483647 == 1)
| 		      ? 1 : -1];
| int
| main ()
| {
| 
|   ;
|   return 0;
| }
configure:4969: arm-linux-gnueabi-gcc -c -static  conftest.c >&5
configure:4969: $? = 0
configure:4977: result: 64
configure:5060: checking for _LARGEFILE_SOURCE value needed for large files
configure:5079: arm-linux-gnueabi-gcc -o conftest -static   conftest.c  >&5
configure:5079: $? = 0
configure:5107: result: no
configure:5132: checking size of size_t
configure:5137: arm-linux-gnueabi-gcc -c -static  conftest.c >&5
configure:5137: $? = 0
configure:5137: arm-linux-gnueabi-gcc -c -static  conftest.c >&5
conftest.c: In function 'main':
conftest.c:66:12: error: size of array 'test_array' is negative
configure:5137: $? = 1
configure: failed program was:
| /* confdefs.h */
| #define PACKAGE_NAME "zsync"
| #define PACKAGE_TARNAME "zsync"
| #define PACKAGE_VERSION "0.6.2"
| #define PACKAGE_STRING "zsync 0.6.2"
| #define PACKAGE_BUGREPORT "http://zsync.moria.org.uk/"
| #define PACKAGE_URL ""
| #define PACKAGE "zsync"
| #define VERSION "0.6.2"
| #define STDC_HEADERS 1
| #define HAVE_SYS_TYPES_H 1
| #define HAVE_SYS_STAT_H 1
| #define HAVE_STDLIB_H 1
| #define HAVE_STRING_H 1
| #define HAVE_MEMORY_H 1
| #define HAVE_STRINGS_H 1
| #define HAVE_INTTYPES_H 1
| #define HAVE_STDINT_H 1
| #define HAVE_UNISTD_H 1
| #define HAVE_STRING_H 1
| #define HAVE_MEMCPY 1
| #define HAVE_PWRITE 1
| #define HAVE_PREAD 1
| #define HAVE_MKSTEMP 1
| #define H_ERRNO_DECLARED 1
| #define HAVE_GETADDRINFO 1
| #define _FILE_OFFSET_BITS 64
| #define HAVE_FSEEKO 1
| /* end confdefs.h.  */
| #include <stdio.h>
| #ifdef HAVE_SYS_TYPES_H
| # include <sys/types.h>
| #endif
| #ifdef HAVE_SYS_STAT_H
| # include <sys/stat.h>
| #endif
| #ifdef STDC_HEADERS
| # include <stdlib.h>
| # include <stddef.h>
| #else
| # ifdef HAVE_STDLIB_H
| #  include <stdlib.h>
| # endif
| #endif
| #ifdef HAVE_STRING_H
| # if !defined STDC_HEADERS && defined HAVE_MEMORY_H
| #  include <memory.h>
| # endif
| # include <string.h>
| #endif
| #ifdef HAVE_STRINGS_H
| # include <strings.h>
| #endif
| #ifdef HAVE_INTTYPES_H
| # include <inttypes.h>
| #endif
| #ifdef HAVE_STDINT_H
| # include <stdint.h>
| #endif
| #ifdef HAVE_UNISTD_H
| # include <unistd.h>
| #endif
| int
| main ()
| {
| static int test_array [1 - 2 * !(((long int) (sizeof (size_t))) <= 0)];
| test_array [0] = 0
| 
|   ;
|   return 0;
| }
configure:5137: arm-linux-gnueabi-gcc -c -static  conftest.c >&5
conftest.c: In function 'main':
conftest.c:66:12: error: size of array 'test_array' is negative
configure:5137: $? = 1
configure: failed program was:
| /* confdefs.h */
| #define PACKAGE_NAME "zsync"
| #define PACKAGE_TARNAME "zsync"
| #define PACKAGE_VERSION "0.6.2"
| #define PACKAGE_STRING "zsync 0.6.2"
| #define PACKAGE_BUGREPORT "http://zsync.moria.org.uk/"
| #define PACKAGE_URL ""
| #define PACKAGE "zsync"
| #define VERSION "0.6.2"
| #define STDC_HEADERS 1
| #define HAVE_SYS_TYPES_H 1
| #define HAVE_SYS_STAT_H 1
| #define HAVE_STDLIB_H 1
| #define HAVE_STRING_H 1
| #define HAVE_MEMORY_H 1
| #define HAVE_STRINGS_H 1
| #define HAVE_INTTYPES_H 1
| #define HAVE_STDINT_H 1
| #define HAVE_UNISTD_H 1
| #define HAVE_STRING_H 1
| #define HAVE_MEMCPY 1
| #define HAVE_PWRITE 1
| #define HAVE_PREAD 1
| #define HAVE_MKSTEMP 1
| #define H_ERRNO_DECLARED 1
| #define HAVE_GETADDRINFO 1
| #define _FILE_OFFSET_BITS 64
| #define HAVE_FSEEKO 1
| /* end confdefs.h.  */
| #include <stdio.h>
| #ifdef HAVE_SYS_TYPES_H
| # include <sys/types.h>
| #endif
| #ifdef HAVE_SYS_STAT_H
| # include <sys/stat.h>
| #endif
| #ifdef STDC_HEADERS
| # include <stdlib.h>
| # include <stddef.h>
| #else
| # ifdef HAVE_STDLIB_H
| #  include <stdlib.h>
| # endif
| #endif
| #ifdef HAVE_STRING_H
| # if !defined STDC_HEADERS && defined HAVE_MEMORY_H
| #  include <memory.h>
| # endif
| # include <string.h>
| #endif
| #ifdef HAVE_STRINGS_H
| # include <strings.h>
| #endif
| #ifdef HAVE_INTTYPES_H
| # include <inttypes.h>
| #endif
| #ifdef HAVE_STDINT_H
| # include <stdint.h>
| #endif
| #ifdef HAVE_UNISTD_H
| # include <unistd.h>
| #endif
| int
| main ()
| {
| static int test_array [1 - 2 * !(((long int) (sizeof (size_t))) <= 1)];
| test_array [0] = 0
| 
|   ;
|   return 0;
| }
configure:5137: arm-linux-gnueabi-gcc -c -static  conftest.c >&5
conftest.c: In function 'main':
conftest.c:66:12: error: size of array 'test_array' is negative
configure:5137: $? = 1
configure: failed program was:
| /* confdefs.h */
| #define PACKAGE_NAME "zsync"
| #define PACKAGE_TARNAME "zsync"
| #define PACKAGE_VERSION "0.6.2"
| #define PACKAGE_STRING "zsync 0.6.2"
| #define PACKAGE_BUGREPORT "http://zsync.moria.org.uk/"
| #define PACKAGE_URL ""
| #define PACKAGE "zsync"
| #define VERSION "0.6.2"
| #define STDC_HEADERS 1
| #define HAVE_SYS_TYPES_H 1
| #define HAVE_SYS_STAT_H 1
| #define HAVE_STDLIB_H 1
| #define HAVE_STRING_H 1
| #define HAVE_MEMORY_H 1
| #define HAVE_STRINGS_H 1
| #define HAVE_INTTYPES_H 1
| #define HAVE_STDINT_H 1
| #define HAVE_UNISTD_H 1
| #define HAVE_STRING_H 1
| #define HAVE_MEMCPY 1
| #define HAVE_PWRITE 1
| #define HAVE_PREAD 1
| #define HAVE_MKSTEMP 1
| #define H_ERRNO_DECLARED 1
| #define HAVE_GETADDRINFO 1
| #define _FILE_OFFSET_BITS 64
| #define HAVE_FSEEKO 1
| /* end confdefs.h.  */
| #include <stdio.h>
| #ifdef HAVE_SYS_TYPES_H
| # include <sys/types.h>
| #endif
| #ifdef HAVE_SYS_STAT_H
| # include <sys/stat.h>
| #endif
| #ifdef STDC_HEADERS
| # include <stdlib.h>
| # include <stddef.h>
| #else
| # ifdef HAVE_STDLIB_H
| #  include <stdlib.h>
| # endif
| #endif
| #ifdef HAVE_STRING_H
| # if !defined STDC_HEADERS && defined HAVE_MEMORY_H
| #  include <memory.h>
| # endif
| # include <string.h>
| #endif
| #ifdef HAVE_STRINGS_H
| # include <strings.h>
| #endif
| #ifdef HAVE_INTTYPES_H
| # include <inttypes.h>
| #endif
| #ifdef HAVE_STDINT_H
| # include <stdint.h>
| #endif
| #ifdef HAVE_UNISTD_H
| # include <unistd.h>
| #endif
| int
| main ()
| {
| static int test_array [1 - 2 * !(((long int) (sizeof (size_t))) <= 3)];
| test_array [0] = 0
| 
|   ;
|   return 0;
| }
configure:5137: arm-linux-gnueabi-gcc -c -static  conftest.c >&5
configure:5137: $? = 0
configure:5137: arm-linux-gnueabi-gcc -c -static  conftest.c >&5
configure:5137: $? = 0
configure:5137: arm-linux-gnueabi-gcc -c -static  conftest.c >&5
configure:5137: $? = 0
configure:5152: result: 4
configure:5166: checking size of off_t
configure:5171: arm-linux-gnueabi-gcc -c -static  conftest.c >&5
configure:5171: $? = 0
configure:5171: arm-linux-gnueabi-gcc -c -static  conftest.c >&5
conftest.c: In function 'main':
conftest.c:67:12: error: size of array 'test_array' is negative
configure:5171: $? = 1
configure: failed program was:
| /* confdefs.h */
| #define PACKAGE_NAME "zsync"
| #define PACKAGE_TARNAME "zsync"
| #define PACKAGE_VERSION "0.6.2"
| #define PACKAGE_STRING "zsync 0.6.2"
| #define PACKAGE_BUGREPORT "http://zsync.moria.org.uk/"
| #define PACKAGE_URL ""
| #define PACKAGE "zsync"
| #define VERSION "0.6.2"
| #define STDC_HEADERS 1
| #define HAVE_SYS_TYPES_H 1
| #define HAVE_SYS_STAT_H 1
| #define HAVE_STDLIB_H 1
| #define HAVE_STRING_H 1
| #define HAVE_MEMORY_H 1
| #define HAVE_STRINGS_H 1
| #define HAVE_INTTYPES_H 1
| #define HAVE_STDINT_H 1
| #define HAVE_UNISTD_H 1
| #define HAVE_STRING_H 1
| #define HAVE_MEMCPY 1
| #define HAVE_PWRITE 1
| #define HAVE_PREAD 1
| #define HAVE_MKSTEMP 1
| #define H_ERRNO_DECLARED 1
| #define HAVE_GETADDRINFO 1
| #define _FILE_OFFSET_BITS 64
| #define HAVE_FSEEKO 1
| #define SIZEOF_SIZE_T 4
| /* end confdefs.h.  */
| #include <stdio.h>
| #ifdef HAVE_SYS_TYPES_H
| # include <sys/types.h>
| #endif
| #ifdef HAVE_SYS_STAT_H
| # include <sys/stat.h>
| #endif
| #ifdef STDC_HEADERS
| # include <stdlib.h>
| # include <stddef.h>
| #else
| # ifdef HAVE_STDLIB_H
| #  include <stdlib.h>
| # endif
| #endif
| #ifdef HAVE_STRING_H
| # if !defined STDC_HEADERS && defined HAVE_MEMORY_H
| #  include <memory.h>
| # endif
| # include <string.h>
| #endif
| #ifdef HAVE_STRINGS_H
| # include <strings.h>
| #endif
| #ifdef HAVE_INTTYPES_H
| # include <inttypes.h>
| #endif
| #ifdef HAVE_STDINT_H
| # include <stdint.h>
| #endif
| #ifdef HAVE_UNISTD_H
| # include <unistd.h>
| #endif
| int
| main ()
| {
| static int test_array [1 - 2 * !(((long int) (sizeof (off_t))) <= 0)];
| test_array [0] = 0
| 
|   ;
|   return 0;
| }
configure:5171: arm-linux-gnueabi-gcc -c -static  conftest.c >&5
conftest.c: In function 'main':
conftest.c:67:12: error: size of array 'test_array' is negative
configure:5171: $? = 1
configure: failed program was:
| /* confdefs.h */
| #define PACKAGE_NAME "zsync"
| #define PACKAGE_TARNAME "zsync"
| #define PACKAGE_VERSION "0.6.2"
| #define PACKAGE_STRING "zsync 0.6.2"
| #define PACKAGE_BUGREPORT "http://zsync.moria.org.uk/"
| #define PACKAGE_URL ""
| #define PACKAGE "zsync"
| #define VERSION "0.6.2"
| #define STDC_HEADERS 1
| #define HAVE_SYS_TYPES_H 1
| #define HAVE_SYS_STAT_H 1
| #define HAVE_STDLIB_H 1
| #define HAVE_STRING_H 1
| #define HAVE_MEMORY_H 1
| #define HAVE_STRINGS_H 1
| #define HAVE_INTTYPES_H 1
| #define HAVE_STDINT_H 1
| #define HAVE_UNISTD_H 1
| #define HAVE_STRING_H 1
| #define HAVE_MEMCPY 1
| #define HAVE_PWRITE 1
| #define HAVE_PREAD 1
| #define HAVE_MKSTEMP 1
| #define H_ERRNO_DECLARED 1
| #define HAVE_GETADDRINFO 1
| #define _FILE_OFFSET_BITS 64
| #define HAVE_FSEEKO 1
| #define SIZEOF_SIZE_T 4
| /* end confdefs.h.  */
| #include <stdio.h>
| #ifdef HAVE_SYS_TYPES_H
| # include <sys/types.h>
| #endif
| #ifdef HAVE_SYS_STAT_H
| # include <sys/stat.h>
| #endif
| #ifdef STDC_HEADERS
| # include <stdlib.h>
| # include <stddef.h>
| #else
| # ifdef HAVE_STDLIB_H
| #  include <stdlib.h>
| # endif
| #endif
| #ifdef HAVE_STRING_H
| # if !defined STDC_HEADERS && defined HAVE_MEMORY_H
| #  include <memory.h>
| # endif
| # include <string.h>
| #endif
| #ifdef HAVE_STRINGS_H
| # include <strings.h>
| #endif
| #ifdef HAVE_INTTYPES_H
| # include <inttypes.h>
| #endif
| #ifdef HAVE_STDINT_H
| # include <stdint.h>
| #endif
| #ifdef HAVE_UNISTD_H
| # include <unistd.h>
| #endif
| int
| main ()
| {
| static int test_array [1 - 2 * !(((long int) (sizeof (off_t))) <= 1)];
| test_array [0] = 0
| 
|   ;
|   return 0;
| }
configure:5171: arm-linux-gnueabi-gcc -c -static  conftest.c >&5
conftest.c: In function 'main':
conftest.c:67:12: error: size of array 'test_array' is negative
configure:5171: $? = 1
configure: failed program was:
| /* confdefs.h */
| #define PACKAGE_NAME "zsync"
| #define PACKAGE_TARNAME "zsync"
| #define PACKAGE_VERSION "0.6.2"
| #define PACKAGE_STRING "zsync 0.6.2"
| #define PACKAGE_BUGREPORT "http://zsync.moria.org.uk/"
| #define PACKAGE_URL ""
| #define PACKAGE "zsync"
| #define VERSION "0.6.2"
| #define STDC_HEADERS 1
| #define HAVE_SYS_TYPES_H 1
| #define HAVE_SYS_STAT_H 1
| #define HAVE_STDLIB_H 1
| #define HAVE_STRING_H 1
| #define HAVE_MEMORY_H 1
| #define HAVE_STRINGS_H 1
| #define HAVE_INTTYPES_H 1
| #define HAVE_STDINT_H 1
| #define HAVE_UNISTD_H 1
| #define HAVE_STRING_H 1
| #define HAVE_MEMCPY 1
| #define HAVE_PWRITE 1
| #define HAVE_PREAD 1
| #define HAVE_MKSTEMP 1
| #define H_ERRNO_DECLARED 1
| #define HAVE_GETADDRINFO 1
| #define _FILE_OFFSET_BITS 64
| #define HAVE_FSEEKO 1
| #define SIZEOF_SIZE_T 4
| /* end confdefs.h.  */
| #include <stdio.h>
| #ifdef HAVE_SYS_TYPES_H
| # include <sys/types.h>
| #endif
| #ifdef HAVE_SYS_STAT_H
| # include <sys/stat.h>
| #endif
| #ifdef STDC_HEADERS
| # include <stdlib.h>
| # include <stddef.h>
| #else
| # ifdef HAVE_STDLIB_H
| #  include <stdlib.h>
| # endif
| #endif
| #ifdef HAVE_STRING_H
| # if !defined STDC_HEADERS && defined HAVE_MEMORY_H
| #  include <memory.h>
| # endif
| # include <string.h>
| #endif
| #ifdef HAVE_STRINGS_H
| # include <strings.h>
| #endif
| #ifdef HAVE_INTTYPES_H
| # include <inttypes.h>
| #endif
| #ifdef HAVE_STDINT_H
| # include <stdint.h>
| #endif
| #ifdef HAVE_UNISTD_H
| # include <unistd.h>
| #endif
| int
| main ()
| {
| static int test_array [1 - 2 * !(((long int) (sizeof (off_t))) <= 3)];
| test_array [0] = 0
| 
|   ;
|   return 0;
| }
configure:5171: arm-linux-gnueabi-gcc -c -static  conftest.c >&5
conftest.c: In function 'main':
conftest.c:67:12: error: size of array 'test_array' is negative
configure:5171: $? = 1
configure: failed program was:
| /* confdefs.h */
| #define PACKAGE_NAME "zsync"
| #define PACKAGE_TARNAME "zsync"
| #define PACKAGE_VERSION "0.6.2"
| #define PACKAGE_STRING "zsync 0.6.2"
| #define PACKAGE_BUGREPORT "http://zsync.moria.org.uk/"
| #define PACKAGE_URL ""
| #define PACKAGE "zsync"
| #define VERSION "0.6.2"
| #define STDC_HEADERS 1
| #define HAVE_SYS_TYPES_H 1
| #define HAVE_SYS_STAT_H 1
| #define HAVE_STDLIB_H 1
| #define HAVE_STRING_H 1
| #define HAVE_MEMORY_H 1
| #define HAVE_STRINGS_H 1
| #define HAVE_INTTYPES_H 1
| #define HAVE_STDINT_H 1
| #define HAVE_UNISTD_H 1
| #define HAVE_STRING_H 1
| #define HAVE_MEMCPY 1
| #define HAVE_PWRITE 1
| #define HAVE_PREAD 1
| #define HAVE_MKSTEMP 1
| #define H_ERRNO_DECLARED 1
| #define HAVE_GETADDRINFO 1
| #define _FILE_OFFSET_BITS 64
| #define HAVE_FSEEKO 1
| #define SIZEOF_SIZE_T 4
| /* end confdefs.h.  */
| #include <stdio.h>
| #ifdef HAVE_SYS_TYPES_H
| # include <sys/types.h>
| #endif
| #ifdef HAVE_SYS_STAT_H
| # include <sys/stat.h>
| #endif
| #ifdef STDC_HEADERS
| # include <stdlib.h>
| # include <stddef.h>
| #else
| # ifdef HAVE_STDLIB_H
| #  include <stdlib.h>
| # endif
| #endif
| #ifdef HAVE_STRING_H
| # if !defined STDC_HEADERS && defined HAVE_MEMORY_H
| #  include <memory.h>
| # endif
| # include <string.h>
| #endif
| #ifdef HAVE_STRINGS_H
| # include <strings.h>
| #endif
| #ifdef HAVE_INTTYPES_H
| # include <inttypes.h>
| #endif
| #ifdef HAVE_STDINT_H
| # include <stdint.h>
| #endif
| #ifdef HAVE_UNISTD_H
| # include <unistd.h>
| #endif
| int
| main ()
| {
| static int test_array [1 - 2 * !(((long int) (sizeof (off_t))) <= 7)];
| test_array [0] = 0
| 
|   ;
|   return 0;
| }
configure:5171: arm-linux-gnueabi-gcc -c -static  conftest.c >&5
configure:5171: $? = 0
configure:5171: arm-linux-gnueabi-gcc -c -static  conftest.c >&5
configure:5171: $? = 0
configure:5171: arm-linux-gnueabi-gcc -c -static  conftest.c >&5
configure:5171: $? = 0
configure:5171: arm-linux-gnueabi-gcc -c -static  conftest.c >&5
configure:5171: $? = 0
configure:5186: result: 8
configure:5197: checking if malloc debugging is wanted
configure:5215: result: no
configure:5248: checking whether compiler supports -g
configure:5264: arm-linux-gnueabi-gcc -c -static -g  conftest.c >&5
configure:5264: $? = 0
configure:5267: result: yes
configure:5248: checking whether compiler supports -Wall
configure:5264: arm-linux-gnueabi-gcc -c -static -g -Wall  conftest.c >&5
configure:5264: $? = 0
configure:5267: result: yes
configure:5248: checking whether compiler supports -Wwrite-strings
configure:5264: arm-linux-gnueabi-gcc -c -static -g -Wall -Wwrite-strings  conftest.c >&5
configure:5264: $? = 0
configure:5267: result: yes
configure:5248: checking whether compiler supports -Winline
configure:5264: arm-linux-gnueabi-gcc -c -static -g -Wall -Wwrite-strings -Winline  conftest.c >&5
configure:5264: $? = 0
configure:5267: result: yes
configure:5248: checking whether compiler supports -Wextra
configure:5264: arm-linux-gnueabi-gcc -c -static -g -Wall -Wwrite-strings -Winline -Wextra  conftest.c >&5
configure:5264: $? = 0
configure:5267: result: yes
configure:5248: checking whether compiler supports -Winline
configure:5264: arm-linux-gnueabi-gcc -c -static -g -Wall -Wwrite-strings -Winline -Wextra -Winline  conftest.c >&5
configure:5264: $? = 0
configure:5267: result: yes
configure:5248: checking whether compiler supports -Wmissing-noreturn
configure:5264: arm-linux-gnueabi-gcc -c -static -g -Wall -Wwrite-strings -Winline -Wextra -Winline -Wmissing-noreturn  conftest.c >&5
configure:5264: $? = 0
configure:5267: result: yes
configure:5248: checking whether compiler supports -Wredundant-decls
configure:5264: arm-linux-gnueabi-gcc -c -static -g -Wall -Wwrite-strings -Winline -Wextra -Winline -Wmissing-noreturn -Wredundant-decls  conftest.c >&5
configure:5264: $? = 0
configure:5267: result: yes
configure:5248: checking whether compiler supports -Wnested-externs
configure:5264: arm-linux-gnueabi-gcc -c -static -g -Wall -Wwrite-strings -Winline -Wextra -Winline -Wmissing-noreturn -Wredundant-decls -Wnested-externs  conftest.c >&5
configure:5264: $? = 0
configure:5267: result: yes
configure:5248: checking whether compiler supports -Wundef
configure:5264: arm-linux-gnueabi-gcc -c -static -g -Wall -Wwrite-strings -Winline -Wextra -Winline -Wmissing-noreturn -Wredundant-decls -Wnested-externs -Wundef  conftest.c >&5
configure:5264: $? = 0
configure:5267: result: yes
configure:5248: checking whether compiler supports -Wbad-function-cast
configure:5264: arm-linux-gnueabi-gcc -c -static -g -Wall -Wwrite-strings -Winline -Wextra -Winline -Wmissing-noreturn -Wredundant-decls -Wnested-externs -Wundef -Wbad-function-cast  conftest.c >&5
configure:5264: $? = 0
configure:5267: result: yes
configure:5248: checking whether compiler supports -Wcast-align
configure:5264: arm-linux-gnueabi-gcc -c -static -g -Wall -Wwrite-strings -Winline -Wextra -Winline -Wmissing-noreturn -Wredundant-decls -Wnested-externs -Wundef -Wbad-function-cast -Wcast-align  conftest.c >&5
configure:5264: $? = 0
configure:5267: result: yes
configure:5248: checking whether compiler supports -Wvolatile-register-var
configure:5264: arm-linux-gnueabi-gcc -c -static -g -Wall -Wwrite-strings -Winline -Wextra -Winline -Wmissing-noreturn -Wredundant-decls -Wnested-externs -Wundef -Wbad-function-cast -Wcast-align -Wvolatile-register-var  conftest.c >&5
configure:5264: $? = 0
configure:5267: result: yes
configure:5248: checking whether compiler supports -ffast-math
configure:5264: arm-linux-gnueabi-gcc -c -static -g -Wall -Wwrite-strings -Winline -Wextra -Winline -Wmissing-noreturn -Wredundant-decls -Wnested-externs -Wundef -Wbad-function-cast -Wcast-align -Wvolatile-register-var -ffast-math  conftest.c >&5
configure:5264: $? = 0
configure:5267: result: yes
configure:5410: creating ./config.status

## ---------------------- ##
## Running config.status. ##
## ---------------------- ##

This file was extended by zsync config.status 0.6.2, which was
generated by GNU Autoconf 2.65.  Invocation command line was

  CONFIG_FILES    = 
  CONFIG_HEADERS  = 
  CONFIG_LINKS    = 
  CONFIG_COMMANDS = 
  $ ./config.status 

on evisceration

config.status:884: creating Makefile
config.status:884: creating librcksum/Makefile
config.status:884: creating zlib/Makefile
config.status:884: creating libzsync/Makefile
config.status:884: creating doc/Makefile
config.status:884: creating config.h
config.status:1104: executing depfiles commands

## ---------------- ##
## Cache variables. ##
## ---------------- ##

ac_cv_build=x86_64-unknown-linux-gnu
ac_cv_c_compiler_gnu=yes
ac_cv_c_const=yes
ac_cv_decl_h_errno=yes
ac_cv_env_CC_set=
ac_cv_env_CC_value=
ac_cv_env_CFLAGS_set=set
ac_cv_env_CFLAGS_value=-static
ac_cv_env_CPPFLAGS_set=
ac_cv_env_CPPFLAGS_value=
ac_cv_env_CPP_set=
ac_cv_env_CPP_value=
ac_cv_env_LDFLAGS_set=
ac_cv_env_LDFLAGS_value=
ac_cv_env_LIBS_set=
ac_cv_env_LIBS_value=
ac_cv_env_build_alias_set=
ac_cv_env_build_alias_value=
ac_cv_env_host_alias_set=set
ac_cv_env_host_alias_value=arm-linux-gnueabi
ac_cv_env_target_alias_set=
ac_cv_env_target_alias_value=
ac_cv_func_getaddrinfo=yes
ac_cv_func_memcpy=yes
ac_cv_func_mkstemp=yes
ac_cv_func_pread=yes
ac_cv_func_pwrite=yes
ac_cv_header_inttypes_h=yes
ac_cv_header_memory_h=yes
ac_cv_header_stdc=yes
ac_cv_header_stdint_h=yes
ac_cv_header_stdlib_h=yes
ac_cv_header_string_h=yes
ac_cv_header_strings_h=yes
ac_cv_header_sys_stat_h=yes
ac_cv_header_sys_types_h=yes
ac_cv_header_unistd_h=yes
ac_cv_host=arm-unknown-linux-gnueabi
ac_cv_lib_socket_socket=no
ac_cv_objext=o
ac_cv_path_EGREP='/bin/grep -E'
ac_cv_path_GREP=/bin/grep
ac_cv_path_install='/usr/bin/install -c'
ac_cv_path_mkdir=/bin/mkdir
ac_cv_prog_AWK=mawk
ac_cv_prog_CC=arm-linux-gnueabi-gcc
ac_cv_prog_CPP='arm-linux-gnueabi-gcc -E'
ac_cv_prog_RANLIB=arm-linux-gnueabi-ranlib
ac_cv_prog_STRIP=arm-linux-gnueabi-strip
ac_cv_prog_cc_c89=
ac_cv_prog_cc_g=yes
ac_cv_prog_make_make_set=yes
ac_cv_sizeof_off_t=8
ac_cv_sizeof_size_t=4
ac_cv_sys_file_offset_bits=64
ac_cv_sys_largefile_CC=no
ac_cv_sys_largefile_source=no
ac_cv_type_in_port_t=yes
ac_cv_type_size_t=yes
ac_cv_type_socklen_t=yes
am_cv_CC_dependencies_compiler_type=gcc3

## ----------------- ##
## Output variables. ##
## ----------------- ##

ACLOCAL='${SHELL} /home/alex/workspace/github/android_external_zsync/zsync-0.6.2/autotools/missing --run aclocal-1.11'
AMDEPBACKSLASH='\'
AMDEP_FALSE='#'
AMDEP_TRUE=''
AMTAR='${SHELL} /home/alex/workspace/github/android_external_zsync/zsync-0.6.2/autotools/missing --run tar'
AUTOCONF='${SHELL} /home/alex/workspace/github/android_external_zsync/zsync-0.6.2/autotools/missing --run autoconf'
AUTOHEADER='${SHELL} /home/alex/workspace/github/android_external_zsync/zsync-0.6.2/autotools/missing --run autoheader'
AUTOMAKE='${SHELL} /home/alex/workspace/github/android_external_zsync/zsync-0.6.2/autotools/missing --run automake-1.11'
AWK='mawk'
CC='arm-linux-gnueabi-gcc'
CCDEPMODE='depmode=gcc3'
CFLAGS='-static -g -Wall -Wwrite-strings -Winline -Wextra -Winline -Wmissing-noreturn -Wredundant-decls -Wnested-externs -Wundef -Wbad-function-cast -Wcast-align -Wvolatile-register-var -ffast-math'
CPP='arm-linux-gnueabi-gcc -E'
CPPFLAGS=''
CYGPATH_W='echo'
DEFS='-DHAVE_CONFIG_H'
DEPDIR='.deps'
ECHO_C=''
ECHO_N='-n'
ECHO_T=''
EGREP='/bin/grep -E'
EXEEXT=''
GREP='/bin/grep'
INSTALL_DATA='${INSTALL} -m 644'
INSTALL_PROGRAM='${INSTALL}'
INSTALL_SCRIPT='${INSTALL}'
INSTALL_STRIP_PROGRAM='$(install_sh) -c -s'
LDFLAGS=''
LIBOBJS=''
LIBS=''
LN_S='ln -s'
LTLIBOBJS=''
MAINT='#'
MAINTAINER_MODE_FALSE=''
MAINTAINER_MODE_TRUE='#'
MAKEINFO='${SHELL} /home/alex/workspace/github/android_external_zsync/zsync-0.6.2/autotools/missing --run makeinfo'
MINGW32_FALSE=''
MINGW32_TRUE='#'
MKDIR_P='/bin/mkdir -p'
OBJEXT='o'
PACKAGE='zsync'
PACKAGE_BUGREPORT='http://zsync.moria.org.uk/'
PACKAGE_NAME='zsync'
PACKAGE_STRING='zsync 0.6.2'
PACKAGE_TARNAME='zsync'
PACKAGE_URL=''
PACKAGE_VERSION='0.6.2'
PATH_SEPARATOR=':'
RANLIB='arm-linux-gnueabi-ranlib'
SET_MAKE=''
SHELL='/bin/bash'
STRIP='arm-linux-gnueabi-strip'
VERSION='0.6.2'
ac_aux_dir='autotools'
ac_ct_CC=''
am__EXEEXT_FALSE=''
am__EXEEXT_TRUE='#'
am__fastdepCC_FALSE='#'
am__fastdepCC_TRUE=''
am__include='include'
am__isrc=''
am__leading_dot='.'
am__quote=''
am__tar='${AMTAR} chof - "$$tardir"'
am__untar='${AMTAR} xf -'
bindir='${exec_prefix}/bin'
build='x86_64-unknown-linux-gnu'
build_alias=''
build_cpu='x86_64'
build_os='linux-gnu'
build_vendor='unknown'
datadir='${datarootdir}'
datarootdir='${prefix}/share'
docdir='${datarootdir}/doc/${PACKAGE_TARNAME}'
dvidir='${docdir}'
exec_prefix='${prefix}'
host='arm-unknown-linux-gnueabi'
host_alias='arm-linux-gnueabi'
host_cpu='arm'
host_os='linux-gnueabi'
host_vendor='unknown'
htmldir='${docdir}'
includedir='${prefix}/include'
infodir='${datarootdir}/info'
install_sh='${SHELL} /home/alex/workspace/github/android_external_zsync/zsync-0.6.2/autotools/install-sh'
libdir='${exec_prefix}/lib'
libexecdir='${exec_prefix}/libexec'
localedir='${datarootdir}/locale'
localstatedir='${prefix}/var'
mandir='${datarootdir}/man'
mkdir_p='/bin/mkdir -p'
oldincludedir='/usr/include'
pdfdir='${docdir}'
prefix='/usr/local'
program_transform_name='s,x,x,'
psdir='${docdir}'
sbindir='${exec_prefix}/sbin'
sharedstatedir='${prefix}/com'
sysconfdir='${prefix}/etc'
target_alias=''

## ----------- ##
## confdefs.h. ##
## ----------- ##

/* confdefs.h */
#define PACKAGE_NAME "zsync"
#define PACKAGE_TARNAME "zsync"
#define PACKAGE_VERSION "0.6.2"
#define PACKAGE_STRING "zsync 0.6.2"
#define PACKAGE_BUGREPORT "http://zsync.moria.org.uk/"
#define PACKAGE_URL ""
#define PACKAGE "zsync"
#define VERSION "0.6.2"
#define STDC_HEADERS 1
#define HAVE_SYS_TYPES_H 1
#define HAVE_SYS_STAT_H 1
#define HAVE_STDLIB_H 1
#define HAVE_STRING_H 1
#define HAVE_MEMORY_H 1
#define HAVE_STRINGS_H 1
#define HAVE_INTTYPES_H 1
#define HAVE_STDINT_H 1
#define HAVE_UNISTD_H 1
#define HAVE_STRING_H 1
#define HAVE_MEMCPY 1
#define HAVE_PWRITE 1
#define HAVE_PREAD 1
#define HAVE_MKSTEMP 1
#define H_ERRNO_DECLARED 1
#define HAVE_GETADDRINFO 1
#define _FILE_OFFSET_BITS 64
#define HAVE_FSEEKO 1
#define SIZEOF_SIZE_T 4
#define SIZEOF_OFF_T 8
#define _XOPEN_SOURCE 600
#define _BSD_SOURCE 1

configure: exit 0
